<?xml version="1.0" encoding="UTF-8"?>
<coverage generated="1528116573">
  <project timestamp="1528116573">
    <package name="Skiphog">
      <file name="C:\OSPanel\domains\container\src/Container.php">
        <class name="Skiphog\Container" namespace="Skiphog" fullPackage="Skiphog" package="Skiphog">
          <metrics complexity="12" methods="3" coveredmethods="3" conditionals="0" coveredconditionals="0" statements="24" coveredstatements="24" elements="27" coveredelements="27"/>
        </class>
        <line num="35" type="method" name="get" visibility="public" complexity="5" crap="5" count="8"/>
        <line num="37" type="stmt" count="8"/>
        <line num="38" type="stmt" count="1"/>
        <line num="41" type="stmt" count="7"/>
        <line num="42" type="stmt" count="2"/>
        <line num="44" type="stmt" count="2"/>
        <line num="47" type="stmt" count="5"/>
        <line num="48" type="stmt" count="2"/>
        <line num="51" type="stmt" count="1"/>
        <line num="60" type="method" name="set" visibility="public" complexity="2" crap="2" count="2"/>
        <line num="62" type="stmt" count="2"/>
        <line num="63" type="stmt" count="1"/>
        <line num="66" type="stmt" count="2"/>
        <line num="67" type="stmt" count="2"/>
        <line num="77" type="method" name="autoResolve" visibility="protected" complexity="5" crap="5" count="5"/>
        <line num="79" type="stmt" count="5"/>
        <line num="80" type="stmt" count="1"/>
        <line num="83" type="stmt" count="4"/>
        <line num="85" type="stmt" count="4"/>
        <line num="86" type="stmt" count="2"/>
        <line num="89" type="stmt" count="3"/>
        <line num="90" type="stmt" count="2"/>
        <line num="95" type="stmt" count="2"/>
        <line num="96" type="stmt" count="2"/>
        <line num="97" type="stmt" count="1"/>
        <line num="98" type="stmt" count="1"/>
        <line num="101" type="stmt" count="1"/>
        <metrics loc="103" ncloc="65" classes="1" methods="3" coveredmethods="3" conditionals="0" coveredconditionals="0" statements="24" coveredstatements="24" elements="27" coveredelements="27"/>
      </file>
    </package>
    <metrics files="1" loc="103" ncloc="65" classes="1" methods="3" coveredmethods="3" conditionals="0" coveredconditionals="0" statements="24" coveredstatements="24" elements="27" coveredelements="27"/>
  </project>
</coverage>
