<?xml version="1.0" encoding="UTF-8"?>
<coverage generated="1545674245">
  <project timestamp="1545674245">
    <package name="Skiphog">
      <file name="C:\OSPanel\domains\container\src\Container.php">
        <class name="Skiphog\Container" namespace="Skiphog" fullPackage="Skiphog" package="Skiphog">
          <metrics complexity="11" methods="3" coveredmethods="3" conditionals="0" coveredconditionals="0" statements="22" coveredstatements="22" elements="25" coveredelements="25"/>
        </class>
        <line num="35" type="method" name="get" visibility="public" complexity="4" crap="4" count="8"/>
        <line num="37" type="stmt" count="8"/>
        <line num="38" type="stmt" count="1"/>
        <line num="41" type="stmt" count="7"/>
        <line num="42" type="stmt" count="2"/>
        <line num="43" type="stmt" count="2"/>
        <line num="46" type="stmt" count="5"/>
        <line num="55" type="method" name="set" visibility="public" complexity="2" crap="2" count="2"/>
        <line num="57" type="stmt" count="2"/>
        <line num="58" type="stmt" count="1"/>
        <line num="61" type="stmt" count="2"/>
        <line num="62" type="stmt" count="2"/>
        <line num="72" type="method" name="autoResolve" visibility="protected" complexity="5" crap="5" count="5"/>
        <line num="74" type="stmt" count="5"/>
        <line num="75" type="stmt" count="1"/>
        <line num="78" type="stmt" count="4"/>
        <line num="80" type="stmt" count="4"/>
        <line num="81" type="stmt" count="2"/>
        <line num="84" type="stmt" count="3"/>
        <line num="85" type="stmt" count="2"/>
        <line num="90" type="stmt" count="2"/>
        <line num="91" type="stmt" count="2"/>
        <line num="92" type="stmt" count="1"/>
        <line num="93" type="stmt" count="1"/>
        <line num="96" type="stmt" count="1"/>
        <metrics loc="98" ncloc="60" classes="1" methods="3" coveredmethods="3" conditionals="0" coveredconditionals="0" statements="22" coveredstatements="22" elements="25" coveredelements="25"/>
      </file>
      <file name="C:\OSPanel\domains\container\src\ContainerException.php">
        <class name="Skiphog\ContainerException" namespace="Skiphog">
          <metrics complexity="0" methods="0" coveredmethods="0" conditionals="0" coveredconditionals="0" statements="0" coveredstatements="0" elements="0" coveredelements="0"/>
        </class>
        <metrics loc="8" ncloc="8" classes="0" methods="0" coveredmethods="0" conditionals="0" coveredconditionals="0" statements="0" coveredstatements="0" elements="0" coveredelements="0"/>
      </file>
    </package>
    <metrics files="2" loc="106" ncloc="68" classes="1" methods="3" coveredmethods="3" conditionals="0" coveredconditionals="0" statements="22" coveredstatements="22" elements="25" coveredelements="25"/>
  </project>
</coverage>
